h:\book\ipp book\chap3\code\libcups\vcnet\x64\release\libcups3\vc143.pdb
h:\book\ipp book\chap3\code\libcups\vcnet\x64\release\libcups3\ipp-support.obj
h:\book\ipp book\chap3\code\libcups\vcnet\x64\release\libcups3\ipp-file.obj
h:\book\ipp book\chap3\code\libcups\vcnet\x64\release\libcups3\http.obj
h:\book\ipp book\chap3\code\libcups\vcnet\x64\release\libcups3\http-support.obj
h:\book\ipp book\chap3\code\libcups\vcnet\x64\release\libcups3\http-addrlist.obj
h:\book\ipp book\chap3\code\libcups\vcnet\x64\release\libcups3\http-addr.obj
h:\book\ipp book\chap3\code\libcups\vcnet\x64\release\libcups3\hash.obj
h:\book\ipp book\chap3\code\libcups\vcnet\x64\release\libcups3\globals.obj
h:\book\ipp book\chap3\code\libcups\vcnet\x64\release\libcups3\getputfile.obj
h:\book\ipp book\chap3\code\libcups\vcnet\x64\release\libcups3\file.obj
h:\book\ipp book\chap3\code\libcups\vcnet\x64\release\libcups3\encode.obj
h:\book\ipp book\chap3\code\libcups\vcnet\x64\release\libcups3\dnssd.obj
h:\book\ipp book\chap3\code\libcups\vcnet\x64\release\libcups3\dir.obj
h:\book\ipp book\chap3\code\libcups\vcnet\x64\release\libcups3\dest.obj
h:\book\ipp book\chap3\code\libcups\vcnet\x64\release\libcups3\dest-options.obj
h:\book\ipp book\chap3\code\libcups\vcnet\x64\release\libcups3\dest-localization.obj
h:\book\ipp book\chap3\code\libcups\vcnet\x64\release\libcups3\dest-job.obj
h:\book\ipp book\chap3\code\libcups\vcnet\x64\release\libcups3\debug.obj
h:\book\ipp book\chap3\code\libcups\vcnet\x64\release\libcups3\auth.obj
h:\book\ipp book\chap3\code\libcups\vcnet\x64\release\libcups3\array.obj
h:\book\ipp book\chap3\code\libcups\vcnet\x64\release\libcups3\util.obj
h:\book\ipp book\chap3\code\libcups\vcnet\x64\release\libcups3\usersys.obj
h:\book\ipp book\chap3\code\libcups\vcnet\x64\release\libcups3\transcode.obj
h:\book\ipp book\chap3\code\libcups\vcnet\x64\release\libcups3\tls.obj
h:\book\ipp book\chap3\code\libcups\vcnet\x64\release\libcups3\thread.obj
h:\book\ipp book\chap3\code\libcups\vcnet\x64\release\libcups3\tempfile.obj
h:\book\ipp book\chap3\code\libcups\vcnet\x64\release\libcups3\string.obj
h:\book\ipp book\chap3\code\libcups\vcnet\x64\release\libcups3\request.obj
h:\book\ipp book\chap3\code\libcups\vcnet\x64\release\libcups3\raster-stream.obj
h:\book\ipp book\chap3\code\libcups\vcnet\x64\release\libcups3\raster-error.obj
h:\book\ipp book\chap3\code\libcups\vcnet\x64\release\libcups3\rand.obj
h:\book\ipp book\chap3\code\libcups\vcnet\x64\release\libcups3\pwg-media.obj
h:\book\ipp book\chap3\code\libcups\vcnet\x64\release\libcups3\options.obj
h:\book\ipp book\chap3\code\libcups\vcnet\x64\release\libcups3\notify.obj
h:\book\ipp book\chap3\code\libcups\vcnet\x64\release\libcups3\md5.obj
h:\book\ipp book\chap3\code\libcups\vcnet\x64\release\libcups3\language.obj
h:\book\ipp book\chap3\code\libcups\vcnet\x64\release\libcups3\langprintf.obj
h:\book\ipp book\chap3\code\libcups\vcnet\x64\release\libcups3\json.obj
h:\book\ipp book\chap3\code\libcups\vcnet\x64\release\libcups3\ipp.obj
h:\book\ipp book\chap3\code\libcups\vcnet\x64\release\libcups3.dll
h:\book\ipp book\chap3\code\libcups\vcnet\x64\release\libcups3.pdb
d:\backup\ipp book\chap3\code\libcups\vcnet\x64\release\libcups3.lib
d:\backup\ipp book\chap3\code\libcups\vcnet\x64\release\libcups3.exp
h:\book\ipp book\chap3\code\libcups\vcnet\x64\release\libcups3.lib
h:\book\ipp book\chap3\code\libcups\vcnet\x64\release\libcups3.exp
h:\book\ipp book\chap3\code\libcups\vcnet\x64\release\libcups3\libcups3.tlog\cl.command.1.tlog
h:\book\ipp book\chap3\code\libcups\vcnet\x64\release\libcups3\libcups3.tlog\cl.items.tlog
h:\book\ipp book\chap3\code\libcups\vcnet\x64\release\libcups3\libcups3.tlog\cl.read.1.tlog
h:\book\ipp book\chap3\code\libcups\vcnet\x64\release\libcups3\libcups3.tlog\cl.write.1.tlog
h:\book\ipp book\chap3\code\libcups\vcnet\x64\release\libcups3\libcups3.tlog\link.command.1.tlog
h:\book\ipp book\chap3\code\libcups\vcnet\x64\release\libcups3\libcups3.tlog\link.read.1.tlog
h:\book\ipp book\chap3\code\libcups\vcnet\x64\release\libcups3\libcups3.tlog\link.secondary.1.tlog
h:\book\ipp book\chap3\code\libcups\vcnet\x64\release\libcups3\libcups3.tlog\link.write.1.tlog
