h:\book\ipp book\chap3\code\libcups\vcnet\x64\release\regex\vc143.pdb
h:\book\ipp book\chap3\code\libcups\vcnet\x64\release\regex\split.obj
h:\book\ipp book\chap3\code\libcups\vcnet\x64\release\regex\regfree.obj
h:\book\ipp book\chap3\code\libcups\vcnet\x64\release\regex\regexec.obj
h:\book\ipp book\chap3\code\libcups\vcnet\x64\release\regex\regerror.obj
h:\book\ipp book\chap3\code\libcups\vcnet\x64\release\regex\regcomp.obj
h:\book\ipp book\chap3\code\libcups\vcnet\x64\release\regex.dll
h:\book\ipp book\chap3\code\libcups\vcnet\x64\release\regex.pdb
d:\backup\ipp book\chap3\code\libcups\vcnet\x64\release\regex.lib
d:\backup\ipp book\chap3\code\libcups\vcnet\x64\release\regex.exp
h:\book\ipp book\chap3\code\libcups\vcnet\x64\release\regex.lib
h:\book\ipp book\chap3\code\libcups\vcnet\x64\release\regex.exp
h:\book\ipp book\chap3\code\libcups\vcnet\x64\release\regex\regex.ipdb
h:\book\ipp book\chap3\code\libcups\vcnet\x64\release\regex\regex.iobj
h:\book\ipp book\chap3\code\libcups\vcnet\x64\release\regex\regex.tlog\cl.command.1.tlog
h:\book\ipp book\chap3\code\libcups\vcnet\x64\release\regex\regex.tlog\cl.items.tlog
h:\book\ipp book\chap3\code\libcups\vcnet\x64\release\regex\regex.tlog\cl.read.1.tlog
h:\book\ipp book\chap3\code\libcups\vcnet\x64\release\regex\regex.tlog\cl.write.1.tlog
h:\book\ipp book\chap3\code\libcups\vcnet\x64\release\regex\regex.tlog\link.command.1.tlog
h:\book\ipp book\chap3\code\libcups\vcnet\x64\release\regex\regex.tlog\link.read.1.tlog
h:\book\ipp book\chap3\code\libcups\vcnet\x64\release\regex\regex.tlog\link.secondary.1.tlog
h:\book\ipp book\chap3\code\libcups\vcnet\x64\release\regex\regex.tlog\link.write.1.tlog
