h:\book\ipp book\chap3\code\libcups\vcnet\x64\release\winipp\winipp.pch
h:\book\ipp book\chap3\code\libcups\vcnet\x64\release\winipp\vc143.pdb
h:\book\ipp book\chap3\code\libcups\vcnet\x64\release\winipp\pch.obj
d:\backup\ipp book\chap3\code\libcups\vcnet\x64\release\winipp.lib
d:\backup\ipp book\chap3\code\libcups\vcnet\x64\release\winipp.exp
h:\book\ipp book\chap3\code\libcups\vcnet\x64\release\winipp.dll
h:\book\ipp book\chap3\code\libcups\vcnet\x64\release\winipp.pdb
h:\book\ipp book\chap3\code\libcups\vcnet\x64\release\winipp\winipp.res
h:\book\ipp book\chap3\code\libcups\vcnet\x64\release\winipp.lib
h:\book\ipp book\chap3\code\libcups\vcnet\x64\release\winipp.exp
h:\book\ipp book\chap3\code\libcups\vcnet\x64\release\winipp\winipp.ipdb
h:\book\ipp book\chap3\code\libcups\vcnet\x64\release\winipp\winipp.iobj
h:\book\ipp book\chap3\code\libcups\vcnet\x64\release\winipp\winipp.tlog\cl.command.1.tlog
h:\book\ipp book\chap3\code\libcups\vcnet\x64\release\winipp\winipp.tlog\cl.items.tlog
h:\book\ipp book\chap3\code\libcups\vcnet\x64\release\winipp\winipp.tlog\cl.read.1.tlog
h:\book\ipp book\chap3\code\libcups\vcnet\x64\release\winipp\winipp.tlog\cl.write.1.tlog
h:\book\ipp book\chap3\code\libcups\vcnet\x64\release\winipp\winipp.tlog\link.command.1.tlog
h:\book\ipp book\chap3\code\libcups\vcnet\x64\release\winipp\winipp.tlog\link.read.1.tlog
h:\book\ipp book\chap3\code\libcups\vcnet\x64\release\winipp\winipp.tlog\link.secondary.1.tlog
h:\book\ipp book\chap3\code\libcups\vcnet\x64\release\winipp\winipp.tlog\link.write.1.tlog
h:\book\ipp book\chap3\code\libcups\vcnet\x64\release\winipp\winipp.tlog\rc.command.1.tlog
h:\book\ipp book\chap3\code\libcups\vcnet\x64\release\winipp\winipp.tlog\rc.read.1.tlog
h:\book\ipp book\chap3\code\libcups\vcnet\x64\release\winipp\winipp.tlog\rc.write.1.tlog
